Start testing: Sep 05 15:51 CEST
----------------------------------------------------------
1/19 Testing: test_config
1/19 Test: test_config
Command: "/home/yadd/dev/github/open-bastion/.claude/worktrees/agent-ae9d6acf802117205/build-verify/tests/test_config"
Directory: /home/yadd/dev/github/open-bastion/.claude/worktrees/agent-ae9d6acf802117205/build-verify/tests
"test_config" start time: Sep 05 15:51 CEST
Output:
----------------------------------------------------------
Running configuration tests...

  Testing init_defaults... PASS
  Testing parse_args... PASS
  Testing validate_missing_portal... PASS
  Testing validate_missing_credentials... PASS
  Testing validate_authorize_only... PASS
  Testing validate_complete... PASS
  Testing validate_https_required... PASS
  Testing validate_http_allowed_insecure... PASS
  Testing validate_verify_ssl_false_allows_http... PASS
  Testing validate_verify_ssl_true_rejects_http... PASS
  Testing parse_insecure_flag... PASS
  Testing create_user_defaults... PASS
  Testing parse_create_user_args... PASS
  Testing parse_no_create_user... PASS
  Testing cache_rate_limit_defaults... PASS
  Testing parse_cache_rate_limit_args... PASS
  Testing cache_rate_limit_bounds... PASS
  Testing load_config_file... PASS

18/18 tests passed
<end of output>
Test time =   0.00 sec
----------------------------------------------------------
Test Passed.
"test_config" end time: Sep 05 15:51 CEST
"test_config" time elapsed: 00:00:00
----------------------------------------------------------

2/19 Testing: test_rate_limiter
2/19 Test: test_rate_limiter
Command: "/home/yadd/dev/github/open-bastion/.claude/worktrees/agent-ae9d6acf802117205/build-verify/tests/test_rate_limiter"
Directory: /home/yadd/dev/github/open-bastion/.claude/worktrees/agent-ae9d6acf802117205/build-verify/tests
"test_rate_limiter" start time: Sep 05 15:51 CEST
Output:
----------------------------------------------------------
Running rate limiter tests...

  Testing init... PASS
  Testing new_key_allowed... PASS
  Testing failures_before_lockout... PASS
  Testing lockout_after_max_attempts... PASS
  Testing reset... PASS
  Testing build_key... PASS
  Testing disabled... PASS

7/7 tests passed
<end of output>
Test time =   0.00 sec
----------------------------------------------------------
Test Passed.
"test_rate_limiter" end time: Sep 05 15:51 CEST
"test_rate_limiter" time elapsed: 00:00:00
----------------------------------------------------------

3/19 Testing: test_audit_log
3/19 Test: test_audit_log
Command: "/home/yadd/dev/github/open-bastion/.claude/worktrees/agent-ae9d6acf802117205/build-verify/tests/test_audit_log"
Directory: /home/yadd/dev/github/open-bastion/.claude/worktrees/agent-ae9d6acf802117205/build-verify/tests
"test_audit_log" start time: Sep 05 15:51 CEST
Output:
----------------------------------------------------------
Running audit log tests...

  Testing event_type_str... PASS
  Testing correlation_id... PASS
  Testing correlation_id_small_buffer... PASS
  Testing init... PASS
  Testing event_init... PASS
  Testing latency... PASS
  Testing log_to_file... PASS
  Testing level_filtering... PASS
  Testing disabled... PASS
  Testing audit_log_convenience... PASS
  Testing log_rejects_symlink... PASS
  Testing log_rejects_world_writable... PASS

12/12 tests passed
<end of output>
Test time =   0.05 sec
----------------------------------------------------------
Test Passed.
"test_audit_log" end time: Sep 05 15:51 CEST
"test_audit_log" time elapsed: 00:00:00
----------------------------------------------------------

4/19 Testing: test_client_context
4/19 Test: test_client_context
Command: "/home/yadd/dev/github/open-bastion/.claude/worktrees/agent-ae9d6acf802117205/build-verify/tests/test_client_context"
Directory: /home/yadd/dev/github/open-bastion/.claude/worktrees/agent-ae9d6acf802117205/build-verify/tests
"test_client_context" start time: Sep 05 15:51 CEST
Output:
----------------------------------------------------------
Running client context tests...

  Testing high_risk_single... PASS
  Testing high_risk_list... PASS
  Testing high_risk_not_in_list... PASS
  Testing high_risk_with_spaces... PASS
  Testing high_risk_null_service... PASS
  Testing high_risk_null_list... PASS
  Testing cache_ttl_normal... PASS
  Testing cache_ttl_high_risk... PASS
  Testing build_rate_key... PASS
  Testing build_rate_key_null_user... PASS
  Testing build_rate_key_null_ip... PASS
  Testing fingerprint_generation... PASS
  Testing fingerprint_deterministic... PASS
  Testing fingerprint_different_input... PASS
  Testing context_free_null... PASS

15/15 tests passed
<end of output>
Test time =   0.01 sec
----------------------------------------------------------
Test Passed.
"test_client_context" end time: Sep 05 15:51 CEST
"test_client_context" time elapsed: 00:00:00
----------------------------------------------------------

5/19 Testing: test_secret_store
5/19 Test: test_secret_store
Command: "/home/yadd/dev/github/open-bastion/.claude/worktrees/agent-ae9d6acf802117205/build-verify/tests/test_secret_store"
Directory: /home/yadd/dev/github/open-bastion/.claude/worktrees/agent-ae9d6acf802117205/build-verify/tests
"test_secret_store" start time: Sep 05 15:51 CEST
Output:
----------------------------------------------------------
Running secret store tests...

  Testing init... PASS
  Testing put_get... PASS
  Testing exists... PASS
  Testing delete... PASS
  Testing not_found... PASS
  Testing different_keys... PASS
  Testing overwrite... PASS
  Testing disabled... PASS
  Testing binary_data... PASS
  Testing error_message... PASS
  Testing rotate_key_not_implemented... PASS

11/11 tests passed
<end of output>
Test time =   0.34 sec
----------------------------------------------------------
Test Passed.
"test_secret_store" end time: Sep 05 15:51 CEST
"test_secret_store" time elapsed: 00:00:00
----------------------------------------------------------

6/19 Testing: test_nss_openbastion
6/19 Test: test_nss_openbastion
Command: "/home/yadd/dev/github/open-bastion/.claude/worktrees/agent-ae9d6acf802117205/build-verify/tests/test_nss_openbastion"
Directory: /home/yadd/dev/github/open-bastion/.claude/worktrees/agent-ae9d6acf802117205/build-verify/tests
"test_nss_openbastion" start time: Sep 05 15:51 CEST
Output:
----------------------------------------------------------
NSS LLNG Module Tests
=====================

UID existence checks:
  Testing uid_exists_root... PASS
  Testing uid_not_exists... PASS
  Testing uid_exists_current_user... PASS

UID generation:
  Testing generate_uid_consistent... PASS
  Testing generate_uid_in_range... PASS
  Testing generate_uid_different_users... PASS
  Testing generate_uid_small_range... PASS
  Testing generate_uid_range_one... PASS
  Testing hash_stability... PASS

Edge cases and error handling:
  Testing generate_uid_null_username... PASS
  Testing generate_uid_empty_username... PASS
  Testing generate_uid_invalid_range... PASS
  Testing generate_uid_low_min... PASS

13/13 tests passed
<end of output>
Test time =   0.00 sec
----------------------------------------------------------
Test Passed.
"test_nss_openbastion" end time: Sep 05 15:51 CEST
"test_nss_openbastion" time elapsed: 00:00:00
----------------------------------------------------------

7/19 Testing: test_nss_cache
7/19 Test: test_nss_cache
Command: "/home/yadd/dev/github/open-bastion/.claude/worktrees/agent-ae9d6acf802117205/build-verify/tests/test_nss_cache"
Directory: /home/yadd/dev/github/open-bastion/.claude/worktrees/agent-ae9d6acf802117205/build-verify/tests
"test_nss_cache" start time: Sep 05 15:51 CEST
Output:
----------------------------------------------------------
  Testing expire_then_evict_no_double_free... PASS
  Testing expire_by_uid_then_evict_no_double_free... PASS
All NSS cache tests passed
<end of output>
Test time =   0.00 sec
----------------------------------------------------------
Test Passed.
"test_nss_cache" end time: Sep 05 15:51 CEST
"test_nss_cache" time elapsed: 00:00:00
----------------------------------------------------------

8/19 Testing: test_path_validator
8/19 Test: test_path_validator
Command: "/home/yadd/dev/github/open-bastion/.claude/worktrees/agent-ae9d6acf802117205/build-verify/tests/test_path_validator"
Directory: /home/yadd/dev/github/open-bastion/.claude/worktrees/agent-ae9d6acf802117205/build-verify/tests
"test_path_validator" start time: Sep 05 15:51 CEST
Output:
----------------------------------------------------------
Path Validator Tests
====================

Shell validation:
  Testing valid_shells... PASS
  Testing invalid_shells... PASS
  Testing shell_path_traversal... PASS
  Testing shell_relative_path... PASS
  Testing shell_special_chars... PASS
  Testing custom_shells_list... PASS

Home validation:
  Testing valid_home... PASS
  Testing invalid_home... PASS
  Testing home_path_traversal... PASS
  Testing home_relative_path... PASS
  Testing home_hidden_path... PASS
  Testing home_special_chars... PASS
  Testing custom_home_prefixes... PASS

Edge cases:
  Testing null_empty_inputs... PASS
  Testing double_slashes... PASS
  Testing path_length_limit... PASS

16/16 tests passed
<end of output>
Test time =   0.00 sec
----------------------------------------------------------
Test Passed.
"test_path_validator" end time: Sep 05 15:51 CEST
"test_path_validator" time elapsed: 00:00:00
----------------------------------------------------------

9/19 Testing: test_username_validator
9/19 Test: test_username_validator
Command: "/home/yadd/dev/github/open-bastion/.claude/worktrees/agent-ae9d6acf802117205/build-verify/tests/test_username_validator"
Directory: /home/yadd/dev/github/open-bastion/.claude/worktrees/agent-ae9d6acf802117205/build-verify/tests
"test_username_validator" start time: Sep 05 15:51 CEST
Output:
----------------------------------------------------------
Username Validator Tests
========================

Valid usernames:
  Testing valid_usernames... PASS
  Testing service_accounts... PASS

Invalid usernames:
  Testing username_too_long... PASS
  Testing username_bad_start... PASS
  Testing username_bad_chars... PASS
  Testing username_shell_injection... PASS
  Testing username_null_empty... PASS

7/7 tests passed
<end of output>
Test time =   0.00 sec
----------------------------------------------------------
Test Passed.
"test_username_validator" end time: Sep 05 15:51 CEST
"test_username_validator" time elapsed: 00:00:00
----------------------------------------------------------

10/19 Testing: test_ob_cert_proto
10/19 Test: test_ob_cert_proto
Command: "/home/yadd/dev/github/open-bastion/.claude/worktrees/agent-ae9d6acf802117205/build-verify/tests/test_ob_cert_proto"
Directory: /home/yadd/dev/github/open-bastion/.claude/worktrees/agent-ae9d6acf802117205/build-verify/tests
"test_ob_cert_proto" start time: Sep 05 15:51 CEST
Output:
----------------------------------------------------------
ob_valid_username:
  ok   lowercase login accepted
  ok   leading underscore + allowed chars
  ok   empty rejected
  ok   uppercase start rejected
  ok   space rejected
  ok   slash rejected (passwd injection)
ob_valid_host:
  ok   fqdn accepted
  ok   bracketed ipv6 accepted
  ok   leading dash rejected (option injection)
  ok   space rejected
  ok   empty rejected
ob_valid_group:
  ok   group accepted
  ok   space rejected
  ok   empty rejected
ob_valid_pubkey:
  ok   ed25519 key accepted
  ok   ecdsa accepted
  ok   missing prefix rejected
  ok   embedded newline rejected
ob_read_line:
  ok   plain LF line
  ok   trailing CR stripped (CRLF)
  ok   empty line
  ok   EOF without newline returns data
  ok   clean EOF returns 0
  ok   line longer than buffer rejected (overflow)

24/24 passed
<end of output>
Test time =   0.00 sec
----------------------------------------------------------
Test Passed.
"test_ob_cert_proto" end time: Sep 05 15:51 CEST
"test_ob_cert_proto" time elapsed: 00:00:00
----------------------------------------------------------

11/19 Testing: test_ob_client
11/19 Test: test_ob_client
Command: "/home/yadd/dev/github/open-bastion/.claude/worktrees/agent-ae9d6acf802117205/build-verify/tests/test_ob_client"
Directory: /home/yadd/dev/github/open-bastion/.claude/worktrees/agent-ae9d6acf802117205/build-verify/tests
"test_ob_client" start time: Sep 05 15:51 CEST
Output:
----------------------------------------------------------
Running ob_client tests...

  Testing ssh_cert_info_free with populated struct... PASSED
  Testing ssh_cert_info_free with empty struct... PASSED
  Testing ssh_cert_info_free with NULL... PASSED
  Testing ssh_cert_info structure layout... PASSED
  Testing response_free with permissions... PASSED
  Testing permissions default values... PASSED
  Testing response has_permissions flag... PASSED
  Testing client_init with NULL config... PASSED
  Testing client_init without portal_url... PASSED
  Testing client_init with valid config... PASSED
  Testing client_error with NULL client... PASSED
  Testing verify response: valid:false without user (expired OTP)... PASSED
  Testing verify response: valid:true still requires user... PASSED
  Testing verify response: valid:true with user... PASSED
  Testing verify response: missing 'valid' field is rejected... PASSED

15/15 tests passed
<end of output>
Test time =   0.00 sec
----------------------------------------------------------
Test Passed.
"test_ob_client" end time: Sep 05 15:51 CEST
"test_ob_client" time elapsed: 00:00:00
----------------------------------------------------------

12/19 Testing: test_auth_cache
12/19 Test: test_auth_cache
Command: "/home/yadd/dev/github/open-bastion/.claude/worktrees/agent-ae9d6acf802117205/build-verify/tests/test_auth_cache"
Directory: /home/yadd/dev/github/open-bastion/.claude/worktrees/agent-ae9d6acf802117205/build-verify/tests
"test_auth_cache" start time: Sep 05 15:51 CEST
Output:
----------------------------------------------------------
=== Authorization Cache Tests ===

  Testing init_destroy... PASSED
  Testing init_null... PASSED
  Testing init_with_key... PASSED
  Testing init_with_invalid_key... PASSED
  Testing store_lookup... PASSED
  Testing lookup_missing... PASSED
  Testing lookup_different_group... PASSED
  Testing invalidate... PASSED
  Testing entry_with_groups... PASSED
  Testing entry_with_managed_groups... PASSED
  Testing force_online_empty_file... PASSED
  Testing force_online_specific_users... PASSED
  Testing force_online_no_file... PASSED
  Testing cleanup_expired... PASSED
  Testing entry_free_null... PASSED

=== Results: 15/15 tests passed ===
<end of output>
Test time =   2.29 sec
----------------------------------------------------------
Test Passed.
"test_auth_cache" end time: Sep 05 15:51 CEST
"test_auth_cache" time elapsed: 00:00:02
----------------------------------------------------------

13/19 Testing: test_token_manager
13/19 Test: test_token_manager
Command: "/home/yadd/dev/github/open-bastion/.claude/worktrees/agent-ae9d6acf802117205/build-verify/tests/test_token_manager"
Directory: /home/yadd/dev/github/open-bastion/.claude/worktrees/agent-ae9d6acf802117205/build-verify/tests
"test_token_manager" start time: Sep 05 15:51 CEST
Output:
----------------------------------------------------------
Token Manager JWT Tests
========================

base64url_encode tests:
  Testing base64url_encode basic... PASSED
  Testing base64url_encode empty (security: should reject)... PASSED
  Testing base64url_encode NULL (security: should reject)... PASSED
  Testing base64url_encode binary data... PASSED
  Testing base64url_encode no padding... PASSED

generate_uuid tests:
  Testing generate_uuid format... PASSED
  Testing generate_uuid uniqueness... PASSED

generate_client_jwt tests:
  Testing generate_client_jwt structure... PASSED
  Testing generate_client_jwt header... PASSED
  Testing generate_client_jwt payload claims... PASSED
  Testing generate_client_jwt signature verification... PASSED
  Testing generate_client_jwt NULL inputs... PASSED
  Testing generate_client_jwt with special JSON characters... PASSED
  Testing generate_client_jwt unique jti per call... PASSED

========================
Tests: 14/14 passed
<end of output>
Test time =   0.01 sec
----------------------------------------------------------
Test Passed.
"test_token_manager" end time: Sep 05 15:51 CEST
"test_token_manager" time elapsed: 00:00:00
----------------------------------------------------------

14/19 Testing: test_crowdsec
14/19 Test: test_crowdsec
Command: "/home/yadd/dev/github/open-bastion/.claude/worktrees/agent-ae9d6acf802117205/build-verify/tests/test_crowdsec"
Directory: /home/yadd/dev/github/open-bastion/.claude/worktrees/agent-ae9d6acf802117205/build-verify/tests
"test_crowdsec" start time: Sep 05 15:51 CEST
Output:
----------------------------------------------------------
CrowdSec Integration Tests
==========================

Initialization tests:
  Testing init_null_config... PASS
  Testing init_disabled... PASS
  Testing init_defaults... PASS

Bouncer (check_ip) tests:
  Testing check_ip_no_bouncer_key... PASS
  Testing check_ip_null_ip... PASS
  Testing check_ip_null_context... PASS

Watcher (report_failure) tests:
  Testing report_no_credentials... PASS
  Testing report_null_context... PASS
  Testing report_disabled... PASS

Utility tests:
  Testing destroy_null... PASS
  Testing error_function... PASS
  Testing error_null_context... PASS

Whitelist tests:
  Testing whitelist_parse_empty... PASS
  Testing whitelist_parse_ipv4_single... PASS
  Testing whitelist_parse_ipv4_cidr... PASS
  Testing whitelist_parse_ipv6_single... PASS
  Testing whitelist_parse_ipv6_cidr... PASS
  Testing whitelist_parse_mixed... PASS
  Testing whitelist_match... PASS
  Testing whitelist_invalid_entries... PASS

==========================
Results: 20/20 tests passed
<end of output>
Test time =   0.00 sec
----------------------------------------------------------
Test Passed.
"test_crowdsec" end time: Sep 05 15:51 CEST
"test_crowdsec" time elapsed: 00:00:00
----------------------------------------------------------

15/19 Testing: test_service_account
15/19 Test: test_service_account
Command: "/home/yadd/dev/github/open-bastion/.claude/worktrees/agent-ae9d6acf802117205/build-verify/tests/test_service_account"
Directory: /home/yadd/dev/github/open-bastion/.claude/worktrees/agent-ae9d6acf802117205/build-verify/tests
"test_service_account" start time: Sep 05 15:51 CEST
Output:
----------------------------------------------------------
Running service_account tests...
  Testing init... PASS
  Testing load_nonexistent... PASS
  Testing load_valid_config... (skipped - load returned -2) PASS
  Testing find... PASS
  Testing is_service_account... PASS
  Testing validate_key_not_found... PASS
  Testing validate_key_match... PASS
  Testing validate_key_mismatch... PASS
  Testing validate_key_no_config... PASS
  Testing validate_key_no_provided... PASS
  Testing get_authorization_not_found... PASS
  Testing account_validate_valid... PASS
  Testing account_validate_invalid_name... PASS
  Testing account_validate_missing_fingerprint... PASS
  Testing account_validate_invalid_fingerprint... PASS
  Testing account_validate_unapproved_shell... PASS
  Testing account_validate_unapproved_home... PASS
  Testing null_handling... PASS

18/18 tests passed
<end of output>
Test time =   0.00 sec
----------------------------------------------------------
Test Passed.
"test_service_account" end time: Sep 05 15:51 CEST
"test_service_account" time elapsed: 00:00:00
----------------------------------------------------------

16/19 Testing: test_token_cache
16/19 Test: test_token_cache
Command: "/home/yadd/dev/github/open-bastion/.claude/worktrees/agent-ae9d6acf802117205/build-verify/tests/test_token_cache"
Directory: /home/yadd/dev/github/open-bastion/.claude/worktrees/agent-ae9d6acf802117205/build-verify/tests
"test_token_cache" start time: Sep 05 15:51 CEST
Output:
----------------------------------------------------------
Running token cache tests...

  Testing init_destroy... PASS
  Testing init_with_key... PASS
  Testing init_with_invalid_key... PASS
  Testing store_and_lookup... PASS
  Testing lookup_nonexistent... PASS
  Testing store_encrypted... PASS
  Testing invalidate_user... PASS
  Testing cleanup_expired... PASS
  Testing salt_file_created... PASS
  Testing salt_persistence... PASS

10/10 tests passed
<end of output>
Test time =   2.18 sec
----------------------------------------------------------
Test Passed.
"test_token_cache" end time: Sep 05 15:51 CEST
"test_token_cache" time elapsed: 00:00:02
----------------------------------------------------------

17/19 Testing: test_token_manager_io
17/19 Test: test_token_manager_io
Command: "/home/yadd/dev/github/open-bastion/.claude/worktrees/agent-ae9d6acf802117205/build-verify/tests/test_token_manager_io"
Directory: /home/yadd/dev/github/open-bastion/.claude/worktrees/agent-ae9d6acf802117205/build-verify/tests
"test_token_manager_io" start time: Sep 05 15:51 CEST
Output:
----------------------------------------------------------
Running token manager I/O tests...

  Testing save_and_load... PASS
  Testing load_nonexistent... PASS
  Testing save_load_roundtrip... PASS
  Testing load_rejects_symlink... PASS
  Testing save_rejects_symlink_dir... PASS
  Testing free_null... PASS
  Testing load_legacy_plaintext... PASS

7/7 tests passed
<end of output>
Test time =   0.00 sec
----------------------------------------------------------
Test Passed.
"test_token_manager_io" end time: Sep 05 15:51 CEST
"test_token_manager_io" time elapsed: 00:00:00
----------------------------------------------------------

18/19 Testing: test_notify
18/19 Test: test_notify
Command: "/home/yadd/dev/github/open-bastion/.claude/worktrees/agent-ae9d6acf802117205/build-verify/tests/test_notify"
Directory: /home/yadd/dev/github/open-bastion/.claude/worktrees/agent-ae9d6acf802117205/build-verify/tests
"test_notify" start time: Sep 05 15:51 CEST
Output:
----------------------------------------------------------
Running webhook notification tests...
  Testing init_null_config... PASS
  Testing init_null_url... PASS
  Testing init_valid... PASS
  Testing init_defaults... PASS
  Testing destroy_null... PASS
  Testing should_send_critical_events... PASS
  Testing should_send_non_critical_events... PASS
  Testing send_json_null_ctx... PASS
  Testing send_json_null_payload... PASS
  Testing send_json_disabled... PASS
  Testing send_event_null_ctx... PASS
  Testing send_event_null_event... PASS
  Testing send_event_filtered... PASS
  Testing send_event_disabled... PASS
  Testing error_null_ctx... PASS
  Testing error_after_init... PASS
  Testing send_json_to_bad_url... PASS
  Testing send_event_to_bad_url... PASS
  Testing config_copied... PASS

19/19 tests passed
<end of output>
Test time =   4.01 sec
----------------------------------------------------------
Test Passed.
"test_notify" end time: Sep 05 15:51 CEST
"test_notify" time elapsed: 00:00:04
----------------------------------------------------------

19/19 Testing: test_ssh_key_policy
19/19 Test: test_ssh_key_policy
Command: "/home/yadd/dev/github/open-bastion/.claude/worktrees/agent-ae9d6acf802117205/build-verify/tests/test_ssh_key_policy"
Directory: /home/yadd/dev/github/open-bastion/.claude/worktrees/agent-ae9d6acf802117205/build-verify/tests
"test_ssh_key_policy" start time: Sep 05 15:51 CEST
Output:
----------------------------------------------------------
SSH Key Policy Tests
====================

Running policy_init... PASSED
Running parse_types_single... PASSED
Running parse_types_multiple... PASSED
Running parse_types_all... PASSED
Running parse_types_with_dsa... PASSED
Running parse_types_fido2... PASSED
Running parse_types_whitespace... PASSED
Running parse_algorithm_ed25519... PASSED
Running parse_algorithm_rsa... PASSED
Running parse_algorithm_ecdsa... PASSED
Running parse_algorithm_dsa... PASSED
Running parse_algorithm_fido2... PASSED
Running parse_algorithm_cert... PASSED
Running parse_algorithm_unknown... PASSED
Running key_type_bits... PASSED
Running key_type_name... PASSED
Running policy_check_disabled... PASSED
Running policy_check_ed25519_allowed... PASSED
Running policy_check_ed25519_denied... PASSED
Running policy_check_rsa_allowed... PASSED
Running policy_check_rsa_denied... PASSED
Running policy_check_ecdsa_min_bits... PASSED
Running policy_check_dsa_denied_by_default... PASSED
Running policy_check_fido2_allowed... PASSED
Running policy_check_fido2_denied... PASSED
Running policy_check_sk_ecdsa_min_bits... PASSED
Running policy_check_certificate... PASSED
Running policy_check_unknown_rejected... PASSED
Running policy_check_null_result... PASSED
Running rsa_size_check... PASSED
Running scenario_strict_modern... PASSED
Running scenario_no_rsa... PASSED
Running scenario_enterprise_fips... PASSED

====================
Tests: 33 passed, 0 failed
<end of output>
Test time =   0.00 sec
----------------------------------------------------------
Test Passed.
"test_ssh_key_policy" end time: Sep 05 15:51 CEST
"test_ssh_key_policy" time elapsed: 00:00:00
----------------------------------------------------------

End testing: Sep 05 15:51 CEST
